<?xml version="1.0" encoding="UTF-8"?>
<testng-results skipped="0" failed="0" total="6" passed="6">
  <reporter-output>
    <line>
      <![CDATA[Chrome]]>
    </line>
    <line>
      <![CDATA[77.0.3865.75]]>
    </line>
    <line>
      <![CDATA[C:\Users\yashwanth\Desktop\svn\sprint11\1001\uploads\opal\MyDemoProject\suites\ExcepHandleSuit\.\Screenshot\EachStepScreenshot\515_ExcepHandleSuit\ExceptionTestCase\step_0.png]]>
    </line>
    <line>
      <![CDATA[C:\Users\yashwanth\Desktop\svn\sprint11\1001\uploads\opal\MyDemoProject\suites\ExcepHandleSuit\.\Videos\515_ExcepHandleSuit_ExceptionTestCase.mp4]]>
    </line>
    <line>
      <![CDATA[Chrome]]>
    </line>
    <line>
      <![CDATA[77.0.3865.75]]>
    </line>
    <line>
      <![CDATA[C:\Users\yashwanth\Desktop\svn\sprint11\1001\uploads\opal\MyDemoProject\suites\ExcepHandleSuit\.\Screenshot\EachStepScreenshot\515_ExcepHandleSuit\ExceptionTestCase\step_1.png]]>
    </line>
    <line>
      <![CDATA[Chrome]]>
    </line>
    <line>
      <![CDATA[77.0.3865.75]]>
    </line>
    <line>
      <![CDATA[C:\Users\yashwanth\Desktop\svn\sprint11\1001\uploads\opal\MyDemoProject\suites\ExcepHandleSuit\.\Screenshot\EachStepScreenshot\515_ExcepHandleSuit\ExceptionTestCase\step_2.png]]>
    </line>
    <line>
      <![CDATA[Chrome]]>
    </line>
    <line>
      <![CDATA[77.0.3865.75]]>
    </line>
    <line>
      <![CDATA[C:\Users\yashwanth\Desktop\svn\sprint11\1001\uploads\opal\MyDemoProject\suites\ExcepHandleSuit\.\Screenshot\EachStepScreenshot\515_ExcepHandleSuit\ExceptionTestCase\step_3.png]]>
    </line>
    <line>
      <![CDATA[Chrome]]>
    </line>
    <line>
      <![CDATA[77.0.3865.75]]>
    </line>
    <line>
      <![CDATA[C:\Users\yashwanth\Desktop\svn\sprint11\1001\uploads\opal\MyDemoProject\suites\ExcepHandleSuit\.\Screenshot\EachStepScreenshot\515_ExcepHandleSuit\ExceptionTestCase\step_4.png]]>
    </line>
    <line>
      <![CDATA[Chrome]]>
    </line>
    <line>
      <![CDATA[77.0.3865.75]]>
    </line>
    <line>
      <![CDATA[C:\Users\yashwanth\Desktop\svn\sprint11\1001\uploads\opal\MyDemoProject\suites\ExcepHandleSuit\.\Screenshot\EachStepScreenshot\515_ExcepHandleSuit\ExceptionTestCase\step_5.png]]>
    </line>
  </reporter-output>
  <suite name="ExcepHandleSuit" duration-ms="33733" started-at="2019-11-14T11:02:10Z" finished-at="2019-11-14T11:02:44Z">
    <groups>
    </groups>
    <test name="Opal1" duration-ms="33733" started-at="2019-11-14T11:02:10Z" finished-at="2019-11-14T11:02:44Z">
      <class name="ExceptionModule.ExceptionFeature.ExceptionTestCase">
        <test-method status="PASS" signature="step_0()[pri:0, instance:ExceptionModule.ExceptionFeature.ExceptionTestCase@ff5b51f]" name="step_0" duration-ms="7698" started-at="2019-11-14T16:32:10Z" finished-at="2019-11-14T16:32:18Z">
          <reporter-output>
            <line>
              <![CDATA[Chrome]]>
            </line>
            <line>
              <![CDATA[77.0.3865.75]]>
            </line>
            <line>
              <![CDATA[C:\Users\yashwanth\Desktop\svn\sprint11\1001\uploads\opal\MyDemoProject\suites\ExcepHandleSuit\.\Screenshot\EachStepScreenshot\515_ExcepHandleSuit\ExceptionTestCase\step_0.png]]>
            </line>
            <line>
              <![CDATA[C:\Users\yashwanth\Desktop\svn\sprint11\1001\uploads\opal\MyDemoProject\suites\ExcepHandleSuit\.\Videos\515_ExcepHandleSuit_ExceptionTestCase.mp4]]>
            </line>
          </reporter-output>
        </test-method> <!-- step_0 -->
        <test-method status="PASS" signature="step_1()[pri:0, instance:ExceptionModule.ExceptionFeature.ExceptionTestCase@ff5b51f]" name="step_1" duration-ms="7461" started-at="2019-11-14T16:32:18Z" finished-at="2019-11-14T16:32:25Z">
          <reporter-output>
            <line>
              <![CDATA[Chrome]]>
            </line>
            <line>
              <![CDATA[77.0.3865.75]]>
            </line>
            <line>
              <![CDATA[C:\Users\yashwanth\Desktop\svn\sprint11\1001\uploads\opal\MyDemoProject\suites\ExcepHandleSuit\.\Screenshot\EachStepScreenshot\515_ExcepHandleSuit\ExceptionTestCase\step_1.png]]>
            </line>
          </reporter-output>
        </test-method> <!-- step_1 -->
        <test-method status="PASS" signature="step_2()[pri:0, instance:ExceptionModule.ExceptionFeature.ExceptionTestCase@ff5b51f]" name="step_2" duration-ms="3375" started-at="2019-11-14T16:32:25Z" finished-at="2019-11-14T16:32:28Z">
          <reporter-output>
            <line>
              <![CDATA[Chrome]]>
            </line>
            <line>
              <![CDATA[77.0.3865.75]]>
            </line>
            <line>
              <![CDATA[C:\Users\yashwanth\Desktop\svn\sprint11\1001\uploads\opal\MyDemoProject\suites\ExcepHandleSuit\.\Screenshot\EachStepScreenshot\515_ExcepHandleSuit\ExceptionTestCase\step_2.png]]>
            </line>
          </reporter-output>
        </test-method> <!-- step_2 -->
        <test-method status="PASS" signature="step_3()[pri:0, instance:ExceptionModule.ExceptionFeature.ExceptionTestCase@ff5b51f]" name="step_3" duration-ms="2579" started-at="2019-11-14T16:32:28Z" finished-at="2019-11-14T16:32:31Z">
          <reporter-output>
            <line>
              <![CDATA[Chrome]]>
            </line>
            <line>
              <![CDATA[77.0.3865.75]]>
            </line>
            <line>
              <![CDATA[C:\Users\yashwanth\Desktop\svn\sprint11\1001\uploads\opal\MyDemoProject\suites\ExcepHandleSuit\.\Screenshot\EachStepScreenshot\515_ExcepHandleSuit\ExceptionTestCase\step_3.png]]>
            </line>
          </reporter-output>
        </test-method> <!-- step_3 -->
        <test-method status="PASS" signature="step_4()[pri:0, instance:ExceptionModule.ExceptionFeature.ExceptionTestCase@ff5b51f]" name="step_4" duration-ms="8186" started-at="2019-11-14T16:32:31Z" finished-at="2019-11-14T16:32:39Z">
          <reporter-output>
            <line>
              <![CDATA[Chrome]]>
            </line>
            <line>
              <![CDATA[77.0.3865.75]]>
            </line>
            <line>
              <![CDATA[C:\Users\yashwanth\Desktop\svn\sprint11\1001\uploads\opal\MyDemoProject\suites\ExcepHandleSuit\.\Screenshot\EachStepScreenshot\515_ExcepHandleSuit\ExceptionTestCase\step_4.png]]>
            </line>
          </reporter-output>
        </test-method> <!-- step_4 -->
        <test-method status="PASS" signature="step_5()[pri:0, instance:ExceptionModule.ExceptionFeature.ExceptionTestCase@ff5b51f]" name="step_5" duration-ms="4402" started-at="2019-11-14T16:32:39Z" finished-at="2019-11-14T16:32:44Z">
          <reporter-output>
            <line>
              <![CDATA[Chrome]]>
            </line>
            <line>
              <![CDATA[77.0.3865.75]]>
            </line>
            <line>
              <![CDATA[C:\Users\yashwanth\Desktop\svn\sprint11\1001\uploads\opal\MyDemoProject\suites\ExcepHandleSuit\.\Screenshot\EachStepScreenshot\515_ExcepHandleSuit\ExceptionTestCase\step_5.png]]>
            </line>
          </reporter-output>
        </test-method> <!-- step_5 -->
      </class> <!-- ExceptionModule.ExceptionFeature.ExceptionTestCase -->
    </test> <!-- Opal1 -->
  </suite> <!-- ExcepHandleSuit -->
</testng-results>
