<?xml version="1.0" encoding="UTF-8"?>
<testng-results skipped="0" failed="0" total="6" passed="6">
  <reporter-output>
    <line>
      <![CDATA[Chrome]]>
    </line>
    <line>
      <![CDATA[77.0.3865.75]]>
    </line>
    <line>
      <![CDATA[C:\Users\yashwanth\Desktop\svn\sprint11\1001\uploads\opal\MyDemoProject\suites\exceptionHandler526\navennExsuite_1\.\Screenshot\EachStepScreenshot\526_1_navennExsuite_1\ExceptionTestCase\step_0.png]]>
    </line>
    <line>
      <![CDATA[C:\Users\yashwanth\Desktop\svn\sprint11\1001\uploads\opal\MyDemoProject\suites\exceptionHandler526\navennExsuite_1\.\Videos\526_1_navennExsuite_1_ExceptionTestCase.mp4]]>
    </line>
    <line>
      <![CDATA[Chrome]]>
    </line>
    <line>
      <![CDATA[77.0.3865.75]]>
    </line>
    <line>
      <![CDATA[C:\Users\yashwanth\Desktop\svn\sprint11\1001\uploads\opal\MyDemoProject\suites\exceptionHandler526\navennExsuite_1\.\Screenshot\EachStepScreenshot\526_1_navennExsuite_1\ExceptionTestCase\step_1.png]]>
    </line>
    <line>
      <![CDATA[Chrome]]>
    </line>
    <line>
      <![CDATA[77.0.3865.75]]>
    </line>
    <line>
      <![CDATA[C:\Users\yashwanth\Desktop\svn\sprint11\1001\uploads\opal\MyDemoProject\suites\exceptionHandler526\navennExsuite_1\.\Screenshot\EachStepScreenshot\526_1_navennExsuite_1\ExceptionTestCase\step_2.png]]>
    </line>
    <line>
      <![CDATA[Chrome]]>
    </line>
    <line>
      <![CDATA[77.0.3865.75]]>
    </line>
    <line>
      <![CDATA[C:\Users\yashwanth\Desktop\svn\sprint11\1001\uploads\opal\MyDemoProject\suites\exceptionHandler526\navennExsuite_1\.\Screenshot\EachStepScreenshot\526_1_navennExsuite_1\ExceptionTestCase\step_3.png]]>
    </line>
    <line>
      <![CDATA[Chrome]]>
    </line>
    <line>
      <![CDATA[77.0.3865.75]]>
    </line>
    <line>
      <![CDATA[C:\Users\yashwanth\Desktop\svn\sprint11\1001\uploads\opal\MyDemoProject\suites\exceptionHandler526\navennExsuite_1\.\Screenshot\EachStepScreenshot\526_1_navennExsuite_1\ExceptionTestCase\step_4.png]]>
    </line>
    <line>
      <![CDATA[Chrome]]>
    </line>
    <line>
      <![CDATA[77.0.3865.75]]>
    </line>
    <line>
      <![CDATA[C:\Users\yashwanth\Desktop\svn\sprint11\1001\uploads\opal\MyDemoProject\suites\exceptionHandler526\navennExsuite_1\.\Screenshot\EachStepScreenshot\526_1_navennExsuite_1\ExceptionTestCase\step_5.png]]>
    </line>
  </reporter-output>
  <suite name="navennExsuite_1" duration-ms="38765" started-at="2019-11-16T08:01:51Z" finished-at="2019-11-16T08:02:30Z">
    <groups>
    </groups>
    <test name="Opal1" duration-ms="38765" started-at="2019-11-16T08:01:51Z" finished-at="2019-11-16T08:02:30Z">
      <class name="ExceptionModule.ExceptionFeature.ExceptionTestCase">
        <test-method status="PASS" signature="step_0()[pri:0, instance:ExceptionModule.ExceptionFeature.ExceptionTestCase@ff5b51f]" name="step_0" duration-ms="10673" started-at="2019-11-16T13:31:51Z" finished-at="2019-11-16T13:32:02Z">
          <reporter-output>
            <line>
              <![CDATA[Chrome]]>
            </line>
            <line>
              <![CDATA[77.0.3865.75]]>
            </line>
            <line>
              <![CDATA[C:\Users\yashwanth\Desktop\svn\sprint11\1001\uploads\opal\MyDemoProject\suites\exceptionHandler526\navennExsuite_1\.\Screenshot\EachStepScreenshot\526_1_navennExsuite_1\ExceptionTestCase\step_0.png]]>
            </line>
            <line>
              <![CDATA[C:\Users\yashwanth\Desktop\svn\sprint11\1001\uploads\opal\MyDemoProject\suites\exceptionHandler526\navennExsuite_1\.\Videos\526_1_navennExsuite_1_ExceptionTestCase.mp4]]>
            </line>
          </reporter-output>
        </test-method> <!-- step_0 -->
        <test-method status="PASS" signature="step_1()[pri:0, instance:ExceptionModule.ExceptionFeature.ExceptionTestCase@ff5b51f]" name="step_1" duration-ms="7118" started-at="2019-11-16T13:32:02Z" finished-at="2019-11-16T13:32:09Z">
          <reporter-output>
            <line>
              <![CDATA[Chrome]]>
            </line>
            <line>
              <![CDATA[77.0.3865.75]]>
            </line>
            <line>
              <![CDATA[C:\Users\yashwanth\Desktop\svn\sprint11\1001\uploads\opal\MyDemoProject\suites\exceptionHandler526\navennExsuite_1\.\Screenshot\EachStepScreenshot\526_1_navennExsuite_1\ExceptionTestCase\step_1.png]]>
            </line>
          </reporter-output>
        </test-method> <!-- step_1 -->
        <test-method status="PASS" signature="step_2()[pri:0, instance:ExceptionModule.ExceptionFeature.ExceptionTestCase@ff5b51f]" name="step_2" duration-ms="3404" started-at="2019-11-16T13:32:09Z" finished-at="2019-11-16T13:32:12Z">
          <reporter-output>
            <line>
              <![CDATA[Chrome]]>
            </line>
            <line>
              <![CDATA[77.0.3865.75]]>
            </line>
            <line>
              <![CDATA[C:\Users\yashwanth\Desktop\svn\sprint11\1001\uploads\opal\MyDemoProject\suites\exceptionHandler526\navennExsuite_1\.\Screenshot\EachStepScreenshot\526_1_navennExsuite_1\ExceptionTestCase\step_2.png]]>
            </line>
          </reporter-output>
        </test-method> <!-- step_2 -->
        <test-method status="PASS" signature="step_3()[pri:0, instance:ExceptionModule.ExceptionFeature.ExceptionTestCase@ff5b51f]" name="step_3" duration-ms="2972" started-at="2019-11-16T13:32:12Z" finished-at="2019-11-16T13:32:15Z">
          <reporter-output>
            <line>
              <![CDATA[Chrome]]>
            </line>
            <line>
              <![CDATA[77.0.3865.75]]>
            </line>
            <line>
              <![CDATA[C:\Users\yashwanth\Desktop\svn\sprint11\1001\uploads\opal\MyDemoProject\suites\exceptionHandler526\navennExsuite_1\.\Screenshot\EachStepScreenshot\526_1_navennExsuite_1\ExceptionTestCase\step_3.png]]>
            </line>
          </reporter-output>
        </test-method> <!-- step_3 -->
        <test-method status="PASS" signature="step_4()[pri:0, instance:ExceptionModule.ExceptionFeature.ExceptionTestCase@ff5b51f]" name="step_4" duration-ms="9988" started-at="2019-11-16T13:32:15Z" finished-at="2019-11-16T13:32:25Z">
          <reporter-output>
            <line>
              <![CDATA[Chrome]]>
            </line>
            <line>
              <![CDATA[77.0.3865.75]]>
            </line>
            <line>
              <![CDATA[C:\Users\yashwanth\Desktop\svn\sprint11\1001\uploads\opal\MyDemoProject\suites\exceptionHandler526\navennExsuite_1\.\Screenshot\EachStepScreenshot\526_1_navennExsuite_1\ExceptionTestCase\step_4.png]]>
            </line>
          </reporter-output>
        </test-method> <!-- step_4 -->
        <test-method status="PASS" signature="step_5()[pri:0, instance:ExceptionModule.ExceptionFeature.ExceptionTestCase@ff5b51f]" name="step_5" duration-ms="4581" started-at="2019-11-16T13:32:25Z" finished-at="2019-11-16T13:32:30Z">
          <reporter-output>
            <line>
              <![CDATA[Chrome]]>
            </line>
            <line>
              <![CDATA[77.0.3865.75]]>
            </line>
            <line>
              <![CDATA[C:\Users\yashwanth\Desktop\svn\sprint11\1001\uploads\opal\MyDemoProject\suites\exceptionHandler526\navennExsuite_1\.\Screenshot\EachStepScreenshot\526_1_navennExsuite_1\ExceptionTestCase\step_5.png]]>
            </line>
          </reporter-output>
        </test-method> <!-- step_5 -->
      </class> <!-- ExceptionModule.ExceptionFeature.ExceptionTestCase -->
    </test> <!-- Opal1 -->
  </suite> <!-- navennExsuite_1 -->
</testng-results>
