<?xml version="1.0" encoding="UTF-8"?>
<testng-results skipped="0" failed="0" total="6" passed="6">
  <reporter-output>
    <line>
      <![CDATA[Chrome]]>
    </line>
    <line>
      <![CDATA[77.0.3865.75]]>
    </line>
    <line>
      <![CDATA[C:\Users\yashwanth\Desktop\svn\sprint11\1001\uploads\opal\MyDemoProject\suites\exceptionHandler525\sankezzsuite_1\.\Screenshot\EachStepScreenshot\525_1_sankezzsuite_1\ExceptionTestCase\step_0.png]]>
    </line>
    <line>
      <![CDATA[C:\Users\yashwanth\Desktop\svn\sprint11\1001\uploads\opal\MyDemoProject\suites\exceptionHandler525\sankezzsuite_1\.\Videos\525_1_sankezzsuite_1_ExceptionTestCase.mp4]]>
    </line>
    <line>
      <![CDATA[Chrome]]>
    </line>
    <line>
      <![CDATA[77.0.3865.75]]>
    </line>
    <line>
      <![CDATA[C:\Users\yashwanth\Desktop\svn\sprint11\1001\uploads\opal\MyDemoProject\suites\exceptionHandler525\sankezzsuite_1\.\Screenshot\EachStepScreenshot\525_1_sankezzsuite_1\ExceptionTestCase\step_1.png]]>
    </line>
    <line>
      <![CDATA[Chrome]]>
    </line>
    <line>
      <![CDATA[77.0.3865.75]]>
    </line>
    <line>
      <![CDATA[C:\Users\yashwanth\Desktop\svn\sprint11\1001\uploads\opal\MyDemoProject\suites\exceptionHandler525\sankezzsuite_1\.\Screenshot\EachStepScreenshot\525_1_sankezzsuite_1\ExceptionTestCase\step_2.png]]>
    </line>
    <line>
      <![CDATA[Chrome]]>
    </line>
    <line>
      <![CDATA[77.0.3865.75]]>
    </line>
    <line>
      <![CDATA[C:\Users\yashwanth\Desktop\svn\sprint11\1001\uploads\opal\MyDemoProject\suites\exceptionHandler525\sankezzsuite_1\.\Screenshot\EachStepScreenshot\525_1_sankezzsuite_1\ExceptionTestCase\step_3.png]]>
    </line>
    <line>
      <![CDATA[Chrome]]>
    </line>
    <line>
      <![CDATA[77.0.3865.75]]>
    </line>
    <line>
      <![CDATA[C:\Users\yashwanth\Desktop\svn\sprint11\1001\uploads\opal\MyDemoProject\suites\exceptionHandler525\sankezzsuite_1\.\Screenshot\EachStepScreenshot\525_1_sankezzsuite_1\ExceptionTestCase\step_4.png]]>
    </line>
    <line>
      <![CDATA[Chrome]]>
    </line>
    <line>
      <![CDATA[77.0.3865.75]]>
    </line>
    <line>
      <![CDATA[C:\Users\yashwanth\Desktop\svn\sprint11\1001\uploads\opal\MyDemoProject\suites\exceptionHandler525\sankezzsuite_1\.\Screenshot\EachStepScreenshot\525_1_sankezzsuite_1\ExceptionTestCase\step_5.png]]>
    </line>
  </reporter-output>
  <suite name="sankezzsuite_1" duration-ms="39424" started-at="2019-11-16T05:14:44Z" finished-at="2019-11-16T05:15:24Z">
    <groups>
    </groups>
    <test name="Opal1" duration-ms="39424" started-at="2019-11-16T05:14:44Z" finished-at="2019-11-16T05:15:24Z">
      <class name="ExceptionModule.ExceptionFeature.ExceptionTestCase">
        <test-method status="PASS" signature="step_0()[pri:0, instance:ExceptionModule.ExceptionFeature.ExceptionTestCase@5702b3b1]" name="step_0" duration-ms="10628" started-at="2019-11-16T10:44:44Z" finished-at="2019-11-16T10:44:55Z">
          <reporter-output>
            <line>
              <![CDATA[Chrome]]>
            </line>
            <line>
              <![CDATA[77.0.3865.75]]>
            </line>
            <line>
              <![CDATA[C:\Users\yashwanth\Desktop\svn\sprint11\1001\uploads\opal\MyDemoProject\suites\exceptionHandler525\sankezzsuite_1\.\Screenshot\EachStepScreenshot\525_1_sankezzsuite_1\ExceptionTestCase\step_0.png]]>
            </line>
            <line>
              <![CDATA[C:\Users\yashwanth\Desktop\svn\sprint11\1001\uploads\opal\MyDemoProject\suites\exceptionHandler525\sankezzsuite_1\.\Videos\525_1_sankezzsuite_1_ExceptionTestCase.mp4]]>
            </line>
          </reporter-output>
        </test-method> <!-- step_0 -->
        <test-method status="PASS" signature="step_1()[pri:0, instance:ExceptionModule.ExceptionFeature.ExceptionTestCase@5702b3b1]" name="step_1" duration-ms="7742" started-at="2019-11-16T10:44:55Z" finished-at="2019-11-16T10:45:03Z">
          <reporter-output>
            <line>
              <![CDATA[Chrome]]>
            </line>
            <line>
              <![CDATA[77.0.3865.75]]>
            </line>
            <line>
              <![CDATA[C:\Users\yashwanth\Desktop\svn\sprint11\1001\uploads\opal\MyDemoProject\suites\exceptionHandler525\sankezzsuite_1\.\Screenshot\EachStepScreenshot\525_1_sankezzsuite_1\ExceptionTestCase\step_1.png]]>
            </line>
          </reporter-output>
        </test-method> <!-- step_1 -->
        <test-method status="PASS" signature="step_2()[pri:0, instance:ExceptionModule.ExceptionFeature.ExceptionTestCase@5702b3b1]" name="step_2" duration-ms="4477" started-at="2019-11-16T10:45:03Z" finished-at="2019-11-16T10:45:07Z">
          <reporter-output>
            <line>
              <![CDATA[Chrome]]>
            </line>
            <line>
              <![CDATA[77.0.3865.75]]>
            </line>
            <line>
              <![CDATA[C:\Users\yashwanth\Desktop\svn\sprint11\1001\uploads\opal\MyDemoProject\suites\exceptionHandler525\sankezzsuite_1\.\Screenshot\EachStepScreenshot\525_1_sankezzsuite_1\ExceptionTestCase\step_2.png]]>
            </line>
          </reporter-output>
        </test-method> <!-- step_2 -->
        <test-method status="PASS" signature="step_3()[pri:0, instance:ExceptionModule.ExceptionFeature.ExceptionTestCase@5702b3b1]" name="step_3" duration-ms="3507" started-at="2019-11-16T10:45:07Z" finished-at="2019-11-16T10:45:11Z">
          <reporter-output>
            <line>
              <![CDATA[Chrome]]>
            </line>
            <line>
              <![CDATA[77.0.3865.75]]>
            </line>
            <line>
              <![CDATA[C:\Users\yashwanth\Desktop\svn\sprint11\1001\uploads\opal\MyDemoProject\suites\exceptionHandler525\sankezzsuite_1\.\Screenshot\EachStepScreenshot\525_1_sankezzsuite_1\ExceptionTestCase\step_3.png]]>
            </line>
          </reporter-output>
        </test-method> <!-- step_3 -->
        <test-method status="PASS" signature="step_4()[pri:0, instance:ExceptionModule.ExceptionFeature.ExceptionTestCase@5702b3b1]" name="step_4" duration-ms="7810" started-at="2019-11-16T10:45:11Z" finished-at="2019-11-16T10:45:18Z">
          <reporter-output>
            <line>
              <![CDATA[Chrome]]>
            </line>
            <line>
              <![CDATA[77.0.3865.75]]>
            </line>
            <line>
              <![CDATA[C:\Users\yashwanth\Desktop\svn\sprint11\1001\uploads\opal\MyDemoProject\suites\exceptionHandler525\sankezzsuite_1\.\Screenshot\EachStepScreenshot\525_1_sankezzsuite_1\ExceptionTestCase\step_4.png]]>
            </line>
          </reporter-output>
        </test-method> <!-- step_4 -->
        <test-method status="PASS" signature="step_5()[pri:0, instance:ExceptionModule.ExceptionFeature.ExceptionTestCase@5702b3b1]" name="step_5" duration-ms="5230" started-at="2019-11-16T10:45:18Z" finished-at="2019-11-16T10:45:24Z">
          <reporter-output>
            <line>
              <![CDATA[Chrome]]>
            </line>
            <line>
              <![CDATA[77.0.3865.75]]>
            </line>
            <line>
              <![CDATA[C:\Users\yashwanth\Desktop\svn\sprint11\1001\uploads\opal\MyDemoProject\suites\exceptionHandler525\sankezzsuite_1\.\Screenshot\EachStepScreenshot\525_1_sankezzsuite_1\ExceptionTestCase\step_5.png]]>
            </line>
          </reporter-output>
        </test-method> <!-- step_5 -->
      </class> <!-- ExceptionModule.ExceptionFeature.ExceptionTestCase -->
    </test> <!-- Opal1 -->
  </suite> <!-- sankezzsuite_1 -->
</testng-results>
