<?xml version="1.0" encoding="UTF-8"?>
<testng-results skipped="0" failed="0" total="6" passed="6">
  <reporter-output>
    <line>
      <![CDATA[Chrome]]>
    </line>
    <line>
      <![CDATA[56.0.2924.87]]>
    </line>
    <line>
      <![CDATA[C:\Users\yashwanth\Desktop\svn\sprint11\1001\uploads\opal\MyDemoProject\suites\exceptionHandler509\ExSuit_1\.\Screenshot\EachStepScreenshot\509_1_ExSuit_1\ExceptionTestCase\step_0.png]]>
    </line>
    <line>
      <![CDATA[C:\Users\yashwanth\Desktop\svn\sprint11\1001\uploads\opal\MyDemoProject\suites\exceptionHandler509\ExSuit_1\.\Videos\509_1_ExSuit_1_ExceptionTestCase.mp4]]>
    </line>
    <line>
      <![CDATA[Chrome]]>
    </line>
    <line>
      <![CDATA[56.0.2924.87]]>
    </line>
    <line>
      <![CDATA[C:\Users\yashwanth\Desktop\svn\sprint11\1001\uploads\opal\MyDemoProject\suites\exceptionHandler509\ExSuit_1\.\Screenshot\EachStepScreenshot\509_1_ExSuit_1\ExceptionTestCase\step_1.png]]>
    </line>
    <line>
      <![CDATA[Chrome]]>
    </line>
    <line>
      <![CDATA[56.0.2924.87]]>
    </line>
    <line>
      <![CDATA[C:\Users\yashwanth\Desktop\svn\sprint11\1001\uploads\opal\MyDemoProject\suites\exceptionHandler509\ExSuit_1\.\Screenshot\EachStepScreenshot\509_1_ExSuit_1\ExceptionTestCase\step_2.png]]>
    </line>
    <line>
      <![CDATA[Chrome]]>
    </line>
    <line>
      <![CDATA[56.0.2924.87]]>
    </line>
    <line>
      <![CDATA[C:\Users\yashwanth\Desktop\svn\sprint11\1001\uploads\opal\MyDemoProject\suites\exceptionHandler509\ExSuit_1\.\Screenshot\EachStepScreenshot\509_1_ExSuit_1\ExceptionTestCase\step_3.png]]>
    </line>
    <line>
      <![CDATA[Chrome]]>
    </line>
    <line>
      <![CDATA[56.0.2924.87]]>
    </line>
    <line>
      <![CDATA[C:\Users\yashwanth\Desktop\svn\sprint11\1001\uploads\opal\MyDemoProject\suites\exceptionHandler509\ExSuit_1\.\Screenshot\EachStepScreenshot\509_1_ExSuit_1\ExceptionTestCase\step_4.png]]>
    </line>
    <line>
      <![CDATA[Chrome]]>
    </line>
    <line>
      <![CDATA[56.0.2924.87]]>
    </line>
    <line>
      <![CDATA[C:\Users\yashwanth\Desktop\svn\sprint11\1001\uploads\opal\MyDemoProject\suites\exceptionHandler509\ExSuit_1\.\Screenshot\EachStepScreenshot\509_1_ExSuit_1\ExceptionTestCase\step_5.png]]>
    </line>
  </reporter-output>
  <suite name="ExSuit_1" duration-ms="46397" started-at="2019-11-14T07:04:17Z" finished-at="2019-11-14T07:05:03Z">
    <groups>
    </groups>
    <test name="Opal1" duration-ms="46397" started-at="2019-11-14T07:04:17Z" finished-at="2019-11-14T07:05:03Z">
      <class name="ExceptionModule.ExceptionFeature.ExceptionTestCase">
        <test-method status="PASS" signature="step_0()[pri:0, instance:ExceptionModule.ExceptionFeature.ExceptionTestCase@ff5b51f]" name="step_0" duration-ms="7382" started-at="2019-11-14T12:34:17Z" finished-at="2019-11-14T12:34:24Z">
          <reporter-output>
            <line>
              <![CDATA[Chrome]]>
            </line>
            <line>
              <![CDATA[56.0.2924.87]]>
            </line>
            <line>
              <![CDATA[C:\Users\yashwanth\Desktop\svn\sprint11\1001\uploads\opal\MyDemoProject\suites\exceptionHandler509\ExSuit_1\.\Screenshot\EachStepScreenshot\509_1_ExSuit_1\ExceptionTestCase\step_0.png]]>
            </line>
            <line>
              <![CDATA[C:\Users\yashwanth\Desktop\svn\sprint11\1001\uploads\opal\MyDemoProject\suites\exceptionHandler509\ExSuit_1\.\Videos\509_1_ExSuit_1_ExceptionTestCase.mp4]]>
            </line>
          </reporter-output>
        </test-method> <!-- step_0 -->
        <test-method status="PASS" signature="step_1()[pri:0, instance:ExceptionModule.ExceptionFeature.ExceptionTestCase@ff5b51f]" name="step_1" duration-ms="8129" started-at="2019-11-14T12:34:24Z" finished-at="2019-11-14T12:34:32Z">
          <reporter-output>
            <line>
              <![CDATA[Chrome]]>
            </line>
            <line>
              <![CDATA[56.0.2924.87]]>
            </line>
            <line>
              <![CDATA[C:\Users\yashwanth\Desktop\svn\sprint11\1001\uploads\opal\MyDemoProject\suites\exceptionHandler509\ExSuit_1\.\Screenshot\EachStepScreenshot\509_1_ExSuit_1\ExceptionTestCase\step_1.png]]>
            </line>
          </reporter-output>
        </test-method> <!-- step_1 -->
        <test-method status="PASS" signature="step_2()[pri:0, instance:ExceptionModule.ExceptionFeature.ExceptionTestCase@ff5b51f]" name="step_2" duration-ms="6734" started-at="2019-11-14T12:34:32Z" finished-at="2019-11-14T12:34:39Z">
          <reporter-output>
            <line>
              <![CDATA[Chrome]]>
            </line>
            <line>
              <![CDATA[56.0.2924.87]]>
            </line>
            <line>
              <![CDATA[C:\Users\yashwanth\Desktop\svn\sprint11\1001\uploads\opal\MyDemoProject\suites\exceptionHandler509\ExSuit_1\.\Screenshot\EachStepScreenshot\509_1_ExSuit_1\ExceptionTestCase\step_2.png]]>
            </line>
          </reporter-output>
        </test-method> <!-- step_2 -->
        <test-method status="PASS" signature="step_3()[pri:0, instance:ExceptionModule.ExceptionFeature.ExceptionTestCase@ff5b51f]" name="step_3" duration-ms="4425" started-at="2019-11-14T12:34:39Z" finished-at="2019-11-14T12:34:43Z">
          <reporter-output>
            <line>
              <![CDATA[Chrome]]>
            </line>
            <line>
              <![CDATA[56.0.2924.87]]>
            </line>
            <line>
              <![CDATA[C:\Users\yashwanth\Desktop\svn\sprint11\1001\uploads\opal\MyDemoProject\suites\exceptionHandler509\ExSuit_1\.\Screenshot\EachStepScreenshot\509_1_ExSuit_1\ExceptionTestCase\step_3.png]]>
            </line>
          </reporter-output>
        </test-method> <!-- step_3 -->
        <test-method status="PASS" signature="step_4()[pri:0, instance:ExceptionModule.ExceptionFeature.ExceptionTestCase@ff5b51f]" name="step_4" duration-ms="11185" started-at="2019-11-14T12:34:43Z" finished-at="2019-11-14T12:34:55Z">
          <reporter-output>
            <line>
              <![CDATA[Chrome]]>
            </line>
            <line>
              <![CDATA[56.0.2924.87]]>
            </line>
            <line>
              <![CDATA[C:\Users\yashwanth\Desktop\svn\sprint11\1001\uploads\opal\MyDemoProject\suites\exceptionHandler509\ExSuit_1\.\Screenshot\EachStepScreenshot\509_1_ExSuit_1\ExceptionTestCase\step_4.png]]>
            </line>
          </reporter-output>
        </test-method> <!-- step_4 -->
        <test-method status="PASS" signature="step_5()[pri:0, instance:ExceptionModule.ExceptionFeature.ExceptionTestCase@ff5b51f]" name="step_5" duration-ms="8520" started-at="2019-11-14T12:34:55Z" finished-at="2019-11-14T12:35:03Z">
          <reporter-output>
            <line>
              <![CDATA[Chrome]]>
            </line>
            <line>
              <![CDATA[56.0.2924.87]]>
            </line>
            <line>
              <![CDATA[C:\Users\yashwanth\Desktop\svn\sprint11\1001\uploads\opal\MyDemoProject\suites\exceptionHandler509\ExSuit_1\.\Screenshot\EachStepScreenshot\509_1_ExSuit_1\ExceptionTestCase\step_5.png]]>
            </line>
          </reporter-output>
        </test-method> <!-- step_5 -->
      </class> <!-- ExceptionModule.ExceptionFeature.ExceptionTestCase -->
    </test> <!-- Opal1 -->
  </suite> <!-- ExSuit_1 -->
</testng-results>
