<?xml version="1.0" encoding="UTF-8"?>
<testsuite xmlns:xsi="http://www.w3.org/2001/XMLSchema-instance" xsi:noNamespaceSchemaLocation="https://maven.apache.org/surefire/maven-surefire-plugin/xsd/surefire-test-report.xsd" name="TestSuite" time="27.43" tests="6" errors="0" skipped="0" failures="0">
  <properties>
[...]
</properties>
  <testcase name="step_0" classname="ExceptionModule.ExceptionFeature.ExceptionTestCase" time="6.288"/>
  <testcase name="step_1" classname="ExceptionModule.ExceptionFeature.ExceptionTestCase" time="5.864"/>
  <testcase name="step_2" classname="ExceptionModule.ExceptionFeature.ExceptionTestCase" time="2.361"/>
  <testcase name="step_3" classname="ExceptionModule.ExceptionFeature.ExceptionTestCase" time="2.137"/>
  <testcase name="step_4" classname="ExceptionModule.ExceptionFeature.ExceptionTestCase" time="5.946"/>
  <testcase name="step_5" classname="ExceptionModule.ExceptionFeature.ExceptionTestCase" time="3.513"/>
</testsuite>