<?xml version="1.0" encoding="UTF-8"?>
<testng-results skipped="0" failed="0" total="7" passed="7">
  <reporter-output>
    <line>
      <![CDATA[Chrome]]>
    </line>
    <line>
      <![CDATA[70.0.3538.77]]>
    </line>
    <line>
      <![CDATA[C:\Users\yashwanth\Desktop\svn\sprint11\1001\uploads\opal\MyDemoProject\suites\PassThreeSuit\.\Screenshot\EachStepScreenshot\499_PassThreeSuit\AutomationPassScript\step_0.png]]>
    </line>
    <line>
      <![CDATA[C:\Users\yashwanth\Desktop\svn\sprint11\1001\uploads\opal\MyDemoProject\suites\PassThreeSuit\.\Videos\499_PassThreeSuit_AutomationPassScript.mp4]]>
    </line>
    <line>
      <![CDATA[Chrome]]>
    </line>
    <line>
      <![CDATA[70.0.3538.77]]>
    </line>
    <line>
      <![CDATA[C:\Users\yashwanth\Desktop\svn\sprint11\1001\uploads\opal\MyDemoProject\suites\PassThreeSuit\.\Screenshot\EachStepScreenshot\499_PassThreeSuit\AutomationPassScript\step_1.png]]>
    </line>
    <line>
      <![CDATA[Chrome]]>
    </line>
    <line>
      <![CDATA[70.0.3538.77]]>
    </line>
    <line>
      <![CDATA[C:\Users\yashwanth\Desktop\svn\sprint11\1001\uploads\opal\MyDemoProject\suites\PassThreeSuit\.\Screenshot\EachStepScreenshot\499_PassThreeSuit\AutomationPassScript\step_2.png]]>
    </line>
    <line>
      <![CDATA[Chrome]]>
    </line>
    <line>
      <![CDATA[70.0.3538.77]]>
    </line>
    <line>
      <![CDATA[C:\Users\yashwanth\Desktop\svn\sprint11\1001\uploads\opal\MyDemoProject\suites\PassThreeSuit\.\Screenshot\EachStepScreenshot\499_PassThreeSuit\AutomationPassScript\step_3.png]]>
    </line>
    <line>
      <![CDATA[Chrome]]>
    </line>
    <line>
      <![CDATA[70.0.3538.77]]>
    </line>
    <line>
      <![CDATA[C:\Users\yashwanth\Desktop\svn\sprint11\1001\uploads\opal\MyDemoProject\suites\PassThreeSuit\.\Screenshot\EachStepScreenshot\499_PassThreeSuit\AutomationPassScript\step_4.png]]>
    </line>
    <line>
      <![CDATA[Chrome]]>
    </line>
    <line>
      <![CDATA[70.0.3538.77]]>
    </line>
    <line>
      <![CDATA[C:\Users\yashwanth\Desktop\svn\sprint11\1001\uploads\opal\MyDemoProject\suites\PassThreeSuit\.\Screenshot\EachStepScreenshot\499_PassThreeSuit\AutomationPassScript\step_5.png]]>
    </line>
    <line>
      <![CDATA[Chrome]]>
    </line>
    <line>
      <![CDATA[70.0.3538.77]]>
    </line>
    <line>
      <![CDATA[C:\Users\yashwanth\Desktop\svn\sprint11\1001\uploads\opal\MyDemoProject\suites\PassThreeSuit\.\Screenshot\EachStepScreenshot\499_PassThreeSuit\AutomationPassScript\step_6.png]]>
    </line>
  </reporter-output>
  <suite name="PassThreeSuit" duration-ms="1350013" started-at="2019-11-13T10:41:48Z" finished-at="2019-11-13T11:04:18Z">
    <groups>
    </groups>
    <test name="Opal1" duration-ms="1350013" started-at="2019-11-13T10:41:48Z" finished-at="2019-11-13T11:04:18Z">
      <class name="AutomationExModule.AutomationExFeature.AutomationPassScript">
        <test-method status="PASS" signature="step_0()[pri:0, instance:AutomationExModule.AutomationExFeature.AutomationPassScript@ff5b51f]" name="step_0" duration-ms="1328084" started-at="2019-11-13T16:11:48Z" finished-at="2019-11-13T16:33:56Z">
          <reporter-output>
            <line>
              <![CDATA[Chrome]]>
            </line>
            <line>
              <![CDATA[70.0.3538.77]]>
            </line>
            <line>
              <![CDATA[C:\Users\yashwanth\Desktop\svn\sprint11\1001\uploads\opal\MyDemoProject\suites\PassThreeSuit\.\Screenshot\EachStepScreenshot\499_PassThreeSuit\AutomationPassScript\step_0.png]]>
            </line>
            <line>
              <![CDATA[C:\Users\yashwanth\Desktop\svn\sprint11\1001\uploads\opal\MyDemoProject\suites\PassThreeSuit\.\Videos\499_PassThreeSuit_AutomationPassScript.mp4]]>
            </line>
          </reporter-output>
        </test-method> <!-- step_0 -->
        <test-method status="PASS" signature="step_1()[pri:0, instance:AutomationExModule.AutomationExFeature.AutomationPassScript@ff5b51f]" name="step_1" duration-ms="3908" started-at="2019-11-13T16:33:56Z" finished-at="2019-11-13T16:34:00Z">
          <reporter-output>
            <line>
              <![CDATA[Chrome]]>
            </line>
            <line>
              <![CDATA[70.0.3538.77]]>
            </line>
            <line>
              <![CDATA[C:\Users\yashwanth\Desktop\svn\sprint11\1001\uploads\opal\MyDemoProject\suites\PassThreeSuit\.\Screenshot\EachStepScreenshot\499_PassThreeSuit\AutomationPassScript\step_1.png]]>
            </line>
          </reporter-output>
        </test-method> <!-- step_1 -->
        <test-method status="PASS" signature="step_2()[pri:0, instance:AutomationExModule.AutomationExFeature.AutomationPassScript@ff5b51f]" name="step_2" duration-ms="3506" started-at="2019-11-13T16:34:00Z" finished-at="2019-11-13T16:34:03Z">
          <reporter-output>
            <line>
              <![CDATA[Chrome]]>
            </line>
            <line>
              <![CDATA[70.0.3538.77]]>
            </line>
            <line>
              <![CDATA[C:\Users\yashwanth\Desktop\svn\sprint11\1001\uploads\opal\MyDemoProject\suites\PassThreeSuit\.\Screenshot\EachStepScreenshot\499_PassThreeSuit\AutomationPassScript\step_2.png]]>
            </line>
          </reporter-output>
        </test-method> <!-- step_2 -->
        <test-method status="PASS" signature="step_3()[pri:0, instance:AutomationExModule.AutomationExFeature.AutomationPassScript@ff5b51f]" name="step_3" duration-ms="2181" started-at="2019-11-13T16:34:03Z" finished-at="2019-11-13T16:34:06Z">
          <reporter-output>
            <line>
              <![CDATA[Chrome]]>
            </line>
            <line>
              <![CDATA[70.0.3538.77]]>
            </line>
            <line>
              <![CDATA[C:\Users\yashwanth\Desktop\svn\sprint11\1001\uploads\opal\MyDemoProject\suites\PassThreeSuit\.\Screenshot\EachStepScreenshot\499_PassThreeSuit\AutomationPassScript\step_3.png]]>
            </line>
          </reporter-output>
        </test-method> <!-- step_3 -->
        <test-method status="PASS" signature="step_4()[pri:0, instance:AutomationExModule.AutomationExFeature.AutomationPassScript@ff5b51f]" name="step_4" duration-ms="6739" started-at="2019-11-13T16:34:06Z" finished-at="2019-11-13T16:34:12Z">
          <reporter-output>
            <line>
              <![CDATA[Chrome]]>
            </line>
            <line>
              <![CDATA[70.0.3538.77]]>
            </line>
            <line>
              <![CDATA[C:\Users\yashwanth\Desktop\svn\sprint11\1001\uploads\opal\MyDemoProject\suites\PassThreeSuit\.\Screenshot\EachStepScreenshot\499_PassThreeSuit\AutomationPassScript\step_4.png]]>
            </line>
          </reporter-output>
        </test-method> <!-- step_4 -->
        <test-method status="PASS" signature="step_5()[pri:0, instance:AutomationExModule.AutomationExFeature.AutomationPassScript@ff5b51f]" name="step_5" duration-ms="1828" started-at="2019-11-13T16:34:12Z" finished-at="2019-11-13T16:34:14Z">
          <reporter-output>
            <line>
              <![CDATA[Chrome]]>
            </line>
            <line>
              <![CDATA[70.0.3538.77]]>
            </line>
            <line>
              <![CDATA[C:\Users\yashwanth\Desktop\svn\sprint11\1001\uploads\opal\MyDemoProject\suites\PassThreeSuit\.\Screenshot\EachStepScreenshot\499_PassThreeSuit\AutomationPassScript\step_5.png]]>
            </line>
          </reporter-output>
        </test-method> <!-- step_5 -->
        <test-method status="PASS" signature="step_6()[pri:0, instance:AutomationExModule.AutomationExFeature.AutomationPassScript@ff5b51f]" name="step_6" duration-ms="3743" started-at="2019-11-13T16:34:14Z" finished-at="2019-11-13T16:34:18Z">
          <reporter-output>
            <line>
              <![CDATA[Chrome]]>
            </line>
            <line>
              <![CDATA[70.0.3538.77]]>
            </line>
            <line>
              <![CDATA[C:\Users\yashwanth\Desktop\svn\sprint11\1001\uploads\opal\MyDemoProject\suites\PassThreeSuit\.\Screenshot\EachStepScreenshot\499_PassThreeSuit\AutomationPassScript\step_6.png]]>
            </line>
          </reporter-output>
        </test-method> <!-- step_6 -->
      </class> <!-- AutomationExModule.AutomationExFeature.AutomationPassScript -->
    </test> <!-- Opal1 -->
  </suite> <!-- PassThreeSuit -->
</testng-results>
