<?xml version="1.0" encoding="UTF-8"?>
<testng-results skipped="0" failed="0" total="7" passed="7">
  <reporter-output>
    <line>
      <![CDATA[Chrome]]>
    </line>
    <line>
      <![CDATA[77.0.3865.75]]>
    </line>
    <line>
      <![CDATA[C:\Users\yashwanth\Desktop\svn\sprint11\1001\uploads\opal\MyDemoProject\suites\NwPassSuitFour\.\Screenshot\EachStepScreenshot\499_NwPassSuitFour\AutomationPassScript\step_0.png]]>
    </line>
    <line>
      <![CDATA[C:\Users\yashwanth\Desktop\svn\sprint11\1001\uploads\opal\MyDemoProject\suites\NwPassSuitFour\.\Videos\499_NwPassSuitFour_AutomationPassScript.mp4]]>
    </line>
    <line>
      <![CDATA[Chrome]]>
    </line>
    <line>
      <![CDATA[77.0.3865.75]]>
    </line>
    <line>
      <![CDATA[C:\Users\yashwanth\Desktop\svn\sprint11\1001\uploads\opal\MyDemoProject\suites\NwPassSuitFour\.\Screenshot\EachStepScreenshot\499_NwPassSuitFour\AutomationPassScript\step_1.png]]>
    </line>
    <line>
      <![CDATA[Chrome]]>
    </line>
    <line>
      <![CDATA[77.0.3865.75]]>
    </line>
    <line>
      <![CDATA[C:\Users\yashwanth\Desktop\svn\sprint11\1001\uploads\opal\MyDemoProject\suites\NwPassSuitFour\.\Screenshot\EachStepScreenshot\499_NwPassSuitFour\AutomationPassScript\step_2.png]]>
    </line>
    <line>
      <![CDATA[Chrome]]>
    </line>
    <line>
      <![CDATA[77.0.3865.75]]>
    </line>
    <line>
      <![CDATA[C:\Users\yashwanth\Desktop\svn\sprint11\1001\uploads\opal\MyDemoProject\suites\NwPassSuitFour\.\Screenshot\EachStepScreenshot\499_NwPassSuitFour\AutomationPassScript\step_3.png]]>
    </line>
    <line>
      <![CDATA[Chrome]]>
    </line>
    <line>
      <![CDATA[77.0.3865.75]]>
    </line>
    <line>
      <![CDATA[C:\Users\yashwanth\Desktop\svn\sprint11\1001\uploads\opal\MyDemoProject\suites\NwPassSuitFour\.\Screenshot\EachStepScreenshot\499_NwPassSuitFour\AutomationPassScript\step_4.png]]>
    </line>
    <line>
      <![CDATA[Chrome]]>
    </line>
    <line>
      <![CDATA[77.0.3865.75]]>
    </line>
    <line>
      <![CDATA[C:\Users\yashwanth\Desktop\svn\sprint11\1001\uploads\opal\MyDemoProject\suites\NwPassSuitFour\.\Screenshot\EachStepScreenshot\499_NwPassSuitFour\AutomationPassScript\step_5.png]]>
    </line>
    <line>
      <![CDATA[Chrome]]>
    </line>
    <line>
      <![CDATA[77.0.3865.75]]>
    </line>
    <line>
      <![CDATA[C:\Users\yashwanth\Desktop\svn\sprint11\1001\uploads\opal\MyDemoProject\suites\NwPassSuitFour\.\Screenshot\EachStepScreenshot\499_NwPassSuitFour\AutomationPassScript\step_6.png]]>
    </line>
  </reporter-output>
  <suite name="NwPassSuitFour" duration-ms="45872" started-at="2019-11-13T11:06:39Z" finished-at="2019-11-13T11:07:25Z">
    <groups>
    </groups>
    <test name="Opal1" duration-ms="45872" started-at="2019-11-13T11:06:39Z" finished-at="2019-11-13T11:07:25Z">
      <class name="AutomationExModule.AutomationExFeature.AutomationPassScript">
        <test-method status="PASS" signature="step_0()[pri:0, instance:AutomationExModule.AutomationExFeature.AutomationPassScript@ff5b51f]" name="step_0" duration-ms="5361" started-at="2019-11-13T16:36:39Z" finished-at="2019-11-13T16:36:44Z">
          <reporter-output>
            <line>
              <![CDATA[Chrome]]>
            </line>
            <line>
              <![CDATA[77.0.3865.75]]>
            </line>
            <line>
              <![CDATA[C:\Users\yashwanth\Desktop\svn\sprint11\1001\uploads\opal\MyDemoProject\suites\NwPassSuitFour\.\Screenshot\EachStepScreenshot\499_NwPassSuitFour\AutomationPassScript\step_0.png]]>
            </line>
            <line>
              <![CDATA[C:\Users\yashwanth\Desktop\svn\sprint11\1001\uploads\opal\MyDemoProject\suites\NwPassSuitFour\.\Videos\499_NwPassSuitFour_AutomationPassScript.mp4]]>
            </line>
          </reporter-output>
        </test-method> <!-- step_0 -->
        <test-method status="PASS" signature="step_1()[pri:0, instance:AutomationExModule.AutomationExFeature.AutomationPassScript@ff5b51f]" name="step_1" duration-ms="4023" started-at="2019-11-13T16:36:44Z" finished-at="2019-11-13T16:36:48Z">
          <reporter-output>
            <line>
              <![CDATA[Chrome]]>
            </line>
            <line>
              <![CDATA[77.0.3865.75]]>
            </line>
            <line>
              <![CDATA[C:\Users\yashwanth\Desktop\svn\sprint11\1001\uploads\opal\MyDemoProject\suites\NwPassSuitFour\.\Screenshot\EachStepScreenshot\499_NwPassSuitFour\AutomationPassScript\step_1.png]]>
            </line>
          </reporter-output>
        </test-method> <!-- step_1 -->
        <test-method status="PASS" signature="step_2()[pri:0, instance:AutomationExModule.AutomationExFeature.AutomationPassScript@ff5b51f]" name="step_2" duration-ms="3684" started-at="2019-11-13T16:36:48Z" finished-at="2019-11-13T16:36:52Z">
          <reporter-output>
            <line>
              <![CDATA[Chrome]]>
            </line>
            <line>
              <![CDATA[77.0.3865.75]]>
            </line>
            <line>
              <![CDATA[C:\Users\yashwanth\Desktop\svn\sprint11\1001\uploads\opal\MyDemoProject\suites\NwPassSuitFour\.\Screenshot\EachStepScreenshot\499_NwPassSuitFour\AutomationPassScript\step_2.png]]>
            </line>
          </reporter-output>
        </test-method> <!-- step_2 -->
        <test-method status="PASS" signature="step_3()[pri:0, instance:AutomationExModule.AutomationExFeature.AutomationPassScript@ff5b51f]" name="step_3" duration-ms="10624" started-at="2019-11-13T16:36:52Z" finished-at="2019-11-13T16:37:03Z">
          <reporter-output>
            <line>
              <![CDATA[Chrome]]>
            </line>
            <line>
              <![CDATA[77.0.3865.75]]>
            </line>
            <line>
              <![CDATA[C:\Users\yashwanth\Desktop\svn\sprint11\1001\uploads\opal\MyDemoProject\suites\NwPassSuitFour\.\Screenshot\EachStepScreenshot\499_NwPassSuitFour\AutomationPassScript\step_3.png]]>
            </line>
          </reporter-output>
        </test-method> <!-- step_3 -->
        <test-method status="PASS" signature="step_4()[pri:0, instance:AutomationExModule.AutomationExFeature.AutomationPassScript@ff5b51f]" name="step_4" duration-ms="12288" started-at="2019-11-13T16:37:03Z" finished-at="2019-11-13T16:37:15Z">
          <reporter-output>
            <line>
              <![CDATA[Chrome]]>
            </line>
            <line>
              <![CDATA[77.0.3865.75]]>
            </line>
            <line>
              <![CDATA[C:\Users\yashwanth\Desktop\svn\sprint11\1001\uploads\opal\MyDemoProject\suites\NwPassSuitFour\.\Screenshot\EachStepScreenshot\499_NwPassSuitFour\AutomationPassScript\step_4.png]]>
            </line>
          </reporter-output>
        </test-method> <!-- step_4 -->
        <test-method status="PASS" signature="step_5()[pri:0, instance:AutomationExModule.AutomationExFeature.AutomationPassScript@ff5b51f]" name="step_5" duration-ms="3525" started-at="2019-11-13T16:37:15Z" finished-at="2019-11-13T16:37:18Z">
          <reporter-output>
            <line>
              <![CDATA[Chrome]]>
            </line>
            <line>
              <![CDATA[77.0.3865.75]]>
            </line>
            <line>
              <![CDATA[C:\Users\yashwanth\Desktop\svn\sprint11\1001\uploads\opal\MyDemoProject\suites\NwPassSuitFour\.\Screenshot\EachStepScreenshot\499_NwPassSuitFour\AutomationPassScript\step_5.png]]>
            </line>
          </reporter-output>
        </test-method> <!-- step_5 -->
        <test-method status="PASS" signature="step_6()[pri:0, instance:AutomationExModule.AutomationExFeature.AutomationPassScript@ff5b51f]" name="step_6" duration-ms="6343" started-at="2019-11-13T16:37:18Z" finished-at="2019-11-13T16:37:25Z">
          <reporter-output>
            <line>
              <![CDATA[Chrome]]>
            </line>
            <line>
              <![CDATA[77.0.3865.75]]>
            </line>
            <line>
              <![CDATA[C:\Users\yashwanth\Desktop\svn\sprint11\1001\uploads\opal\MyDemoProject\suites\NwPassSuitFour\.\Screenshot\EachStepScreenshot\499_NwPassSuitFour\AutomationPassScript\step_6.png]]>
            </line>
          </reporter-output>
        </test-method> <!-- step_6 -->
      </class> <!-- AutomationExModule.AutomationExFeature.AutomationPassScript -->
    </test> <!-- Opal1 -->
  </suite> <!-- NwPassSuitFour -->
</testng-results>
