<?xml version="1.0" encoding="UTF-8"?>
<testng-results skipped="0" failed="0" total="17" passed="17">
  <reporter-output>
    <line>
      <![CDATA[Chrome]]>
    </line>
    <line>
      <![CDATA[70.0.3538.77]]>
    </line>
    <line>
      <![CDATA[C:\Users\yashwanth\Desktop\svn\sprint11\1001\uploads\opal\MyDemoProject\suites\ausuite\.\Screenshot\EachStepScreenshot\520_ausuite\AutoGenScript\step_0.png]]>
    </line>
    <line>
      <![CDATA[C:\Users\yashwanth\Desktop\svn\sprint11\1001\uploads\opal\MyDemoProject\suites\ausuite\.\Videos\520_ausuite_AutoGenScript.mp4]]>
    </line>
    <line>
      <![CDATA[Chrome]]>
    </line>
    <line>
      <![CDATA[70.0.3538.77]]>
    </line>
    <line>
      <![CDATA[C:\Users\yashwanth\Desktop\svn\sprint11\1001\uploads\opal\MyDemoProject\suites\ausuite\.\Screenshot\EachStepScreenshot\520_ausuite\AutoGenScript\step_1.png]]>
    </line>
    <line>
      <![CDATA[Chrome]]>
    </line>
    <line>
      <![CDATA[70.0.3538.77]]>
    </line>
    <line>
      <![CDATA[C:\Users\yashwanth\Desktop\svn\sprint11\1001\uploads\opal\MyDemoProject\suites\ausuite\.\Screenshot\EachStepScreenshot\520_ausuite\AutoGenScript\step_2.png]]>
    </line>
    <line>
      <![CDATA[Chrome]]>
    </line>
    <line>
      <![CDATA[70.0.3538.77]]>
    </line>
    <line>
      <![CDATA[C:\Users\yashwanth\Desktop\svn\sprint11\1001\uploads\opal\MyDemoProject\suites\ausuite\.\Screenshot\EachStepScreenshot\520_ausuite\AutoGenScript\step_3.png]]>
    </line>
    <line>
      <![CDATA[Chrome]]>
    </line>
    <line>
      <![CDATA[70.0.3538.77]]>
    </line>
    <line>
      <![CDATA[C:\Users\yashwanth\Desktop\svn\sprint11\1001\uploads\opal\MyDemoProject\suites\ausuite\.\Screenshot\EachStepScreenshot\520_ausuite\AutoGenScript\step_4.png]]>
    </line>
    <line>
      <![CDATA[Chrome]]>
    </line>
    <line>
      <![CDATA[70.0.3538.77]]>
    </line>
    <line>
      <![CDATA[C:\Users\yashwanth\Desktop\svn\sprint11\1001\uploads\opal\MyDemoProject\suites\ausuite\.\Screenshot\EachStepScreenshot\520_ausuite\AutoGenScript\step_5.png]]>
    </line>
    <line>
      <![CDATA[Chrome]]>
    </line>
    <line>
      <![CDATA[70.0.3538.77]]>
    </line>
    <line>
      <![CDATA[C:\Users\yashwanth\Desktop\svn\sprint11\1001\uploads\opal\MyDemoProject\suites\ausuite\.\Screenshot\EachStepScreenshot\520_ausuite\AutoGenScript\step_6.png]]>
    </line>
    <line>
      <![CDATA[Chrome]]>
    </line>
    <line>
      <![CDATA[70.0.3538.77]]>
    </line>
    <line>
      <![CDATA[C:\Users\yashwanth\Desktop\svn\sprint11\1001\uploads\opal\MyDemoProject\suites\ausuite\.\Screenshot\EachStepScreenshot\520_ausuite\AutoGenScript\step_7.png]]>
    </line>
    <line>
      <![CDATA[Chrome]]>
    </line>
    <line>
      <![CDATA[70.0.3538.77]]>
    </line>
    <line>
      <![CDATA[C:\Users\yashwanth\Desktop\svn\sprint11\1001\uploads\opal\MyDemoProject\suites\ausuite\.\Screenshot\EachStepScreenshot\520_ausuite\AutoGenScript\step_8.png]]>
    </line>
    <line>
      <![CDATA[Chrome]]>
    </line>
    <line>
      <![CDATA[70.0.3538.77]]>
    </line>
    <line>
      <![CDATA[C:\Users\yashwanth\Desktop\svn\sprint11\1001\uploads\opal\MyDemoProject\suites\ausuite\.\Screenshot\EachStepScreenshot\520_ausuite\AutoGenScript\step_9.png]]>
    </line>
    <line>
      <![CDATA[Chrome]]>
    </line>
    <line>
      <![CDATA[70.0.3538.77]]>
    </line>
    <line>
      <![CDATA[C:\Users\yashwanth\Desktop\svn\sprint11\1001\uploads\opal\MyDemoProject\suites\ausuite\.\Screenshot\EachStepScreenshot\520_ausuite\AutoGenScript\step_10.png]]>
    </line>
    <line>
      <![CDATA[Chrome]]>
    </line>
    <line>
      <![CDATA[70.0.3538.77]]>
    </line>
    <line>
      <![CDATA[C:\Users\yashwanth\Desktop\svn\sprint11\1001\uploads\opal\MyDemoProject\suites\ausuite\.\Screenshot\EachStepScreenshot\520_ausuite\AutoGenScript\step_11.png]]>
    </line>
    <line>
      <![CDATA[Chrome]]>
    </line>
    <line>
      <![CDATA[70.0.3538.77]]>
    </line>
    <line>
      <![CDATA[C:\Users\yashwanth\Desktop\svn\sprint11\1001\uploads\opal\MyDemoProject\suites\ausuite\.\Screenshot\EachStepScreenshot\520_ausuite\AutoGenScript\step_12.png]]>
    </line>
    <line>
      <![CDATA[Chrome]]>
    </line>
    <line>
      <![CDATA[70.0.3538.77]]>
    </line>
    <line>
      <![CDATA[C:\Users\yashwanth\Desktop\svn\sprint11\1001\uploads\opal\MyDemoProject\suites\ausuite\.\Screenshot\EachStepScreenshot\520_ausuite\AutoGenScript\step_13.png]]>
    </line>
    <line>
      <![CDATA[Chrome]]>
    </line>
    <line>
      <![CDATA[70.0.3538.77]]>
    </line>
    <line>
      <![CDATA[C:\Users\yashwanth\Desktop\svn\sprint11\1001\uploads\opal\MyDemoProject\suites\ausuite\.\Screenshot\EachStepScreenshot\520_ausuite\AutoGenScript\step_14.png]]>
    </line>
    <line>
      <![CDATA[Chrome]]>
    </line>
    <line>
      <![CDATA[70.0.3538.77]]>
    </line>
    <line>
      <![CDATA[C:\Users\yashwanth\Desktop\svn\sprint11\1001\uploads\opal\MyDemoProject\suites\ausuite\.\Screenshot\EachStepScreenshot\520_ausuite\AutoGenScript\step_15.png]]>
    </line>
    <line>
      <![CDATA[Chrome]]>
    </line>
    <line>
      <![CDATA[70.0.3538.77]]>
    </line>
    <line>
      <![CDATA[C:\Users\yashwanth\Desktop\svn\sprint11\1001\uploads\opal\MyDemoProject\suites\ausuite\.\Screenshot\EachStepScreenshot\520_ausuite\AutoGenScript\step_16.png]]>
    </line>
  </reporter-output>
  <suite name="ausuite" duration-ms="71222" started-at="2019-11-15T17:54:40Z" finished-at="2019-11-15T17:55:51Z">
    <groups>
    </groups>
    <test name="Opal1" duration-ms="71222" started-at="2019-11-15T17:54:40Z" finished-at="2019-11-15T17:55:51Z">
      <class name="ManualStepExModule.AutoGenFeature.AutoGenScript">
        <test-method status="PASS" signature="step_0()[pri:0, instance:ManualStepExModule.AutoGenFeature.AutoGenScript@5702b3b1]" name="step_0" duration-ms="13621" started-at="2019-11-15T23:24:40Z" finished-at="2019-11-15T23:24:54Z">
          <reporter-output>
            <line>
              <![CDATA[Chrome]]>
            </line>
            <line>
              <![CDATA[70.0.3538.77]]>
            </line>
            <line>
              <![CDATA[C:\Users\yashwanth\Desktop\svn\sprint11\1001\uploads\opal\MyDemoProject\suites\ausuite\.\Screenshot\EachStepScreenshot\520_ausuite\AutoGenScript\step_0.png]]>
            </line>
            <line>
              <![CDATA[C:\Users\yashwanth\Desktop\svn\sprint11\1001\uploads\opal\MyDemoProject\suites\ausuite\.\Videos\520_ausuite_AutoGenScript.mp4]]>
            </line>
          </reporter-output>
        </test-method> <!-- step_0 -->
        <test-method status="PASS" signature="step_1()[pri:0, instance:ManualStepExModule.AutoGenFeature.AutoGenScript@5702b3b1]" name="step_1" duration-ms="7092" started-at="2019-11-15T23:24:54Z" finished-at="2019-11-15T23:25:01Z">
          <reporter-output>
            <line>
              <![CDATA[Chrome]]>
            </line>
            <line>
              <![CDATA[70.0.3538.77]]>
            </line>
            <line>
              <![CDATA[C:\Users\yashwanth\Desktop\svn\sprint11\1001\uploads\opal\MyDemoProject\suites\ausuite\.\Screenshot\EachStepScreenshot\520_ausuite\AutoGenScript\step_1.png]]>
            </line>
          </reporter-output>
        </test-method> <!-- step_1 -->
        <test-method status="PASS" signature="step_2()[pri:0, instance:ManualStepExModule.AutoGenFeature.AutoGenScript@5702b3b1]" name="step_2" duration-ms="3736" started-at="2019-11-15T23:25:01Z" finished-at="2019-11-15T23:25:04Z">
          <reporter-output>
            <line>
              <![CDATA[Chrome]]>
            </line>
            <line>
              <![CDATA[70.0.3538.77]]>
            </line>
            <line>
              <![CDATA[C:\Users\yashwanth\Desktop\svn\sprint11\1001\uploads\opal\MyDemoProject\suites\ausuite\.\Screenshot\EachStepScreenshot\520_ausuite\AutoGenScript\step_2.png]]>
            </line>
          </reporter-output>
        </test-method> <!-- step_2 -->
        <test-method status="PASS" signature="step_3()[pri:0, instance:ManualStepExModule.AutoGenFeature.AutoGenScript@5702b3b1]" name="step_3" duration-ms="2867" started-at="2019-11-15T23:25:04Z" finished-at="2019-11-15T23:25:07Z">
          <reporter-output>
            <line>
              <![CDATA[Chrome]]>
            </line>
            <line>
              <![CDATA[70.0.3538.77]]>
            </line>
            <line>
              <![CDATA[C:\Users\yashwanth\Desktop\svn\sprint11\1001\uploads\opal\MyDemoProject\suites\ausuite\.\Screenshot\EachStepScreenshot\520_ausuite\AutoGenScript\step_3.png]]>
            </line>
          </reporter-output>
        </test-method> <!-- step_3 -->
        <test-method status="PASS" signature="step_4()[pri:0, instance:ManualStepExModule.AutoGenFeature.AutoGenScript@5702b3b1]" name="step_4" duration-ms="9709" started-at="2019-11-15T23:25:07Z" finished-at="2019-11-15T23:25:17Z">
          <reporter-output>
            <line>
              <![CDATA[Chrome]]>
            </line>
            <line>
              <![CDATA[70.0.3538.77]]>
            </line>
            <line>
              <![CDATA[C:\Users\yashwanth\Desktop\svn\sprint11\1001\uploads\opal\MyDemoProject\suites\ausuite\.\Screenshot\EachStepScreenshot\520_ausuite\AutoGenScript\step_4.png]]>
            </line>
          </reporter-output>
        </test-method> <!-- step_4 -->
        <test-method status="PASS" signature="step_5()[pri:0, instance:ManualStepExModule.AutoGenFeature.AutoGenScript@5702b3b1]" name="step_5" duration-ms="2572" started-at="2019-11-15T23:25:17Z" finished-at="2019-11-15T23:25:19Z">
          <reporter-output>
            <line>
              <![CDATA[Chrome]]>
            </line>
            <line>
              <![CDATA[70.0.3538.77]]>
            </line>
            <line>
              <![CDATA[C:\Users\yashwanth\Desktop\svn\sprint11\1001\uploads\opal\MyDemoProject\suites\ausuite\.\Screenshot\EachStepScreenshot\520_ausuite\AutoGenScript\step_5.png]]>
            </line>
          </reporter-output>
        </test-method> <!-- step_5 -->
        <test-method status="PASS" signature="step_6()[pri:0, instance:ManualStepExModule.AutoGenFeature.AutoGenScript@5702b3b1]" name="step_6" duration-ms="2184" started-at="2019-11-15T23:25:19Z" finished-at="2019-11-15T23:25:22Z">
          <reporter-output>
            <line>
              <![CDATA[Chrome]]>
            </line>
            <line>
              <![CDATA[70.0.3538.77]]>
            </line>
            <line>
              <![CDATA[C:\Users\yashwanth\Desktop\svn\sprint11\1001\uploads\opal\MyDemoProject\suites\ausuite\.\Screenshot\EachStepScreenshot\520_ausuite\AutoGenScript\step_6.png]]>
            </line>
          </reporter-output>
        </test-method> <!-- step_6 -->
        <test-method status="PASS" signature="step_7()[pri:0, instance:ManualStepExModule.AutoGenFeature.AutoGenScript@5702b3b1]" name="step_7" duration-ms="2697" started-at="2019-11-15T23:25:22Z" finished-at="2019-11-15T23:25:24Z">
          <reporter-output>
            <line>
              <![CDATA[Chrome]]>
            </line>
            <line>
              <![CDATA[70.0.3538.77]]>
            </line>
            <line>
              <![CDATA[C:\Users\yashwanth\Desktop\svn\sprint11\1001\uploads\opal\MyDemoProject\suites\ausuite\.\Screenshot\EachStepScreenshot\520_ausuite\AutoGenScript\step_7.png]]>
            </line>
          </reporter-output>
        </test-method> <!-- step_7 -->
        <test-method status="PASS" signature="step_8()[pri:0, instance:ManualStepExModule.AutoGenFeature.AutoGenScript@5702b3b1]" name="step_8" duration-ms="3399" started-at="2019-11-15T23:25:24Z" finished-at="2019-11-15T23:25:28Z">
          <reporter-output>
            <line>
              <![CDATA[Chrome]]>
            </line>
            <line>
              <![CDATA[70.0.3538.77]]>
            </line>
            <line>
              <![CDATA[C:\Users\yashwanth\Desktop\svn\sprint11\1001\uploads\opal\MyDemoProject\suites\ausuite\.\Screenshot\EachStepScreenshot\520_ausuite\AutoGenScript\step_8.png]]>
            </line>
          </reporter-output>
        </test-method> <!-- step_8 -->
        <test-method status="PASS" signature="step_9()[pri:0, instance:ManualStepExModule.AutoGenFeature.AutoGenScript@5702b3b1]" name="step_9" duration-ms="2227" started-at="2019-11-15T23:25:28Z" finished-at="2019-11-15T23:25:30Z">
          <reporter-output>
            <line>
              <![CDATA[Chrome]]>
            </line>
            <line>
              <![CDATA[70.0.3538.77]]>
            </line>
            <line>
              <![CDATA[C:\Users\yashwanth\Desktop\svn\sprint11\1001\uploads\opal\MyDemoProject\suites\ausuite\.\Screenshot\EachStepScreenshot\520_ausuite\AutoGenScript\step_9.png]]>
            </line>
          </reporter-output>
        </test-method> <!-- step_9 -->
        <test-method status="PASS" signature="step_10()[pri:0, instance:ManualStepExModule.AutoGenFeature.AutoGenScript@5702b3b1]" name="step_10" duration-ms="2501" started-at="2019-11-15T23:25:30Z" finished-at="2019-11-15T23:25:32Z">
          <reporter-output>
            <line>
              <![CDATA[Chrome]]>
            </line>
            <line>
              <![CDATA[70.0.3538.77]]>
            </line>
            <line>
              <![CDATA[C:\Users\yashwanth\Desktop\svn\sprint11\1001\uploads\opal\MyDemoProject\suites\ausuite\.\Screenshot\EachStepScreenshot\520_ausuite\AutoGenScript\step_10.png]]>
            </line>
          </reporter-output>
        </test-method> <!-- step_10 -->
        <test-method status="PASS" signature="step_11()[pri:0, instance:ManualStepExModule.AutoGenFeature.AutoGenScript@5702b3b1]" name="step_11" duration-ms="2665" started-at="2019-11-15T23:25:32Z" finished-at="2019-11-15T23:25:35Z">
          <reporter-output>
            <line>
              <![CDATA[Chrome]]>
            </line>
            <line>
              <![CDATA[70.0.3538.77]]>
            </line>
            <line>
              <![CDATA[C:\Users\yashwanth\Desktop\svn\sprint11\1001\uploads\opal\MyDemoProject\suites\ausuite\.\Screenshot\EachStepScreenshot\520_ausuite\AutoGenScript\step_11.png]]>
            </line>
          </reporter-output>
        </test-method> <!-- step_11 -->
        <test-method status="PASS" signature="step_12()[pri:0, instance:ManualStepExModule.AutoGenFeature.AutoGenScript@5702b3b1]" name="step_12" duration-ms="2804" started-at="2019-11-15T23:25:35Z" finished-at="2019-11-15T23:25:38Z">
          <reporter-output>
            <line>
              <![CDATA[Chrome]]>
            </line>
            <line>
              <![CDATA[70.0.3538.77]]>
            </line>
            <line>
              <![CDATA[C:\Users\yashwanth\Desktop\svn\sprint11\1001\uploads\opal\MyDemoProject\suites\ausuite\.\Screenshot\EachStepScreenshot\520_ausuite\AutoGenScript\step_12.png]]>
            </line>
          </reporter-output>
        </test-method> <!-- step_12 -->
        <test-method status="PASS" signature="step_13()[pri:0, instance:ManualStepExModule.AutoGenFeature.AutoGenScript@5702b3b1]" name="step_13" duration-ms="2564" started-at="2019-11-15T23:25:38Z" finished-at="2019-11-15T23:25:41Z">
          <reporter-output>
            <line>
              <![CDATA[Chrome]]>
            </line>
            <line>
              <![CDATA[70.0.3538.77]]>
            </line>
            <line>
              <![CDATA[C:\Users\yashwanth\Desktop\svn\sprint11\1001\uploads\opal\MyDemoProject\suites\ausuite\.\Screenshot\EachStepScreenshot\520_ausuite\AutoGenScript\step_13.png]]>
            </line>
          </reporter-output>
        </test-method> <!-- step_13 -->
        <test-method status="PASS" signature="step_14()[pri:0, instance:ManualStepExModule.AutoGenFeature.AutoGenScript@5702b3b1]" name="step_14" duration-ms="2494" started-at="2019-11-15T23:25:41Z" finished-at="2019-11-15T23:25:43Z">
          <reporter-output>
            <line>
              <![CDATA[Chrome]]>
            </line>
            <line>
              <![CDATA[70.0.3538.77]]>
            </line>
            <line>
              <![CDATA[C:\Users\yashwanth\Desktop\svn\sprint11\1001\uploads\opal\MyDemoProject\suites\ausuite\.\Screenshot\EachStepScreenshot\520_ausuite\AutoGenScript\step_14.png]]>
            </line>
          </reporter-output>
        </test-method> <!-- step_14 -->
        <test-method status="PASS" signature="step_15()[pri:0, instance:ManualStepExModule.AutoGenFeature.AutoGenScript@5702b3b1]" name="step_15" duration-ms="2485" started-at="2019-11-15T23:25:43Z" finished-at="2019-11-15T23:25:46Z">
          <reporter-output>
            <line>
              <![CDATA[Chrome]]>
            </line>
            <line>
              <![CDATA[70.0.3538.77]]>
            </line>
            <line>
              <![CDATA[C:\Users\yashwanth\Desktop\svn\sprint11\1001\uploads\opal\MyDemoProject\suites\ausuite\.\Screenshot\EachStepScreenshot\520_ausuite\AutoGenScript\step_15.png]]>
            </line>
          </reporter-output>
        </test-method> <!-- step_15 -->
        <test-method status="PASS" signature="step_16()[pri:0, instance:ManualStepExModule.AutoGenFeature.AutoGenScript@5702b3b1]" name="step_16" duration-ms="5570" started-at="2019-11-15T23:25:46Z" finished-at="2019-11-15T23:25:51Z">
          <reporter-output>
            <line>
              <![CDATA[Chrome]]>
            </line>
            <line>
              <![CDATA[70.0.3538.77]]>
            </line>
            <line>
              <![CDATA[C:\Users\yashwanth\Desktop\svn\sprint11\1001\uploads\opal\MyDemoProject\suites\ausuite\.\Screenshot\EachStepScreenshot\520_ausuite\AutoGenScript\step_16.png]]>
            </line>
          </reporter-output>
        </test-method> <!-- step_16 -->
      </class> <!-- ManualStepExModule.AutoGenFeature.AutoGenScript -->
    </test> <!-- Opal1 -->
  </suite> <!-- ausuite -->
</testng-results>
