<?xml version="1.0" encoding="UTF-8"?>
<testng-results skipped="0" failed="0" total="7" passed="7">
  <reporter-output>
    <line>
      <![CDATA[Chrome]]>
    </line>
    <line>
      <![CDATA[77.0.3865.75]]>
    </line>
    <line>
      <![CDATA[C:\Users\yashwanth\Desktop\svn\sprint11\1001\uploads\opal\MyDemoProject\.\Screenshot\EachStepScreenshot\100_Suite1\AutomationPassScript\step_0.png]]>
    </line>
    <line>
      <![CDATA[C:\Users\yashwanth\Desktop\svn\sprint11\1001\uploads\opal\MyDemoProject\.\Videos\100_Suite1_AutomationPassScript.mp4]]>
    </line>
    <line>
      <![CDATA[Chrome]]>
    </line>
    <line>
      <![CDATA[77.0.3865.75]]>
    </line>
    <line>
      <![CDATA[C:\Users\yashwanth\Desktop\svn\sprint11\1001\uploads\opal\MyDemoProject\.\Screenshot\EachStepScreenshot\100_Suite1\AutomationPassScript\step_1.png]]>
    </line>
    <line>
      <![CDATA[Chrome]]>
    </line>
    <line>
      <![CDATA[77.0.3865.75]]>
    </line>
    <line>
      <![CDATA[C:\Users\yashwanth\Desktop\svn\sprint11\1001\uploads\opal\MyDemoProject\.\Screenshot\EachStepScreenshot\100_Suite1\AutomationPassScript\step_2.png]]>
    </line>
    <line>
      <![CDATA[Chrome]]>
    </line>
    <line>
      <![CDATA[77.0.3865.75]]>
    </line>
    <line>
      <![CDATA[C:\Users\yashwanth\Desktop\svn\sprint11\1001\uploads\opal\MyDemoProject\.\Screenshot\EachStepScreenshot\100_Suite1\AutomationPassScript\step_3.png]]>
    </line>
    <line>
      <![CDATA[Chrome]]>
    </line>
    <line>
      <![CDATA[77.0.3865.75]]>
    </line>
    <line>
      <![CDATA[C:\Users\yashwanth\Desktop\svn\sprint11\1001\uploads\opal\MyDemoProject\.\Screenshot\EachStepScreenshot\100_Suite1\AutomationPassScript\step_4.png]]>
    </line>
    <line>
      <![CDATA[Chrome]]>
    </line>
    <line>
      <![CDATA[77.0.3865.75]]>
    </line>
    <line>
      <![CDATA[C:\Users\yashwanth\Desktop\svn\sprint11\1001\uploads\opal\MyDemoProject\.\Screenshot\EachStepScreenshot\100_Suite1\AutomationPassScript\step_5.png]]>
    </line>
    <line>
      <![CDATA[Chrome]]>
    </line>
    <line>
      <![CDATA[77.0.3865.75]]>
    </line>
    <line>
      <![CDATA[C:\Users\yashwanth\Desktop\svn\sprint11\1001\uploads\opal\MyDemoProject\.\Screenshot\EachStepScreenshot\100_Suite1\AutomationPassScript\step_6.png]]>
    </line>
  </reporter-output>
  <suite name="Suite" duration-ms="48950" started-at="2019-11-18T13:25:48Z" finished-at="2019-11-18T13:26:37Z">
    <groups>
    </groups>
    <test name="Test" duration-ms="48950" started-at="2019-11-18T13:25:48Z" finished-at="2019-11-18T13:26:37Z">
      <class name="AutomationExModule.AutomationExFeature.AutomationPassScript">
        <test-method status="PASS" signature="step_0()[pri:0, instance:AutomationExModule.AutomationExFeature.AutomationPassScript@4566e5bd]" name="step_0" duration-ms="8554" started-at="2019-11-18T18:55:48Z" finished-at="2019-11-18T18:55:57Z">
          <reporter-output>
            <line>
              <![CDATA[Chrome]]>
            </line>
            <line>
              <![CDATA[77.0.3865.75]]>
            </line>
            <line>
              <![CDATA[C:\Users\yashwanth\Desktop\svn\sprint11\1001\uploads\opal\MyDemoProject\.\Screenshot\EachStepScreenshot\100_Suite1\AutomationPassScript\step_0.png]]>
            </line>
            <line>
              <![CDATA[C:\Users\yashwanth\Desktop\svn\sprint11\1001\uploads\opal\MyDemoProject\.\Videos\100_Suite1_AutomationPassScript.mp4]]>
            </line>
          </reporter-output>
        </test-method> <!-- step_0 -->
        <test-method status="PASS" signature="step_1()[pri:0, instance:AutomationExModule.AutomationExFeature.AutomationPassScript@4566e5bd]" name="step_1" duration-ms="9775" started-at="2019-11-18T18:55:57Z" finished-at="2019-11-18T18:56:06Z">
          <reporter-output>
            <line>
              <![CDATA[Chrome]]>
            </line>
            <line>
              <![CDATA[77.0.3865.75]]>
            </line>
            <line>
              <![CDATA[C:\Users\yashwanth\Desktop\svn\sprint11\1001\uploads\opal\MyDemoProject\.\Screenshot\EachStepScreenshot\100_Suite1\AutomationPassScript\step_1.png]]>
            </line>
          </reporter-output>
        </test-method> <!-- step_1 -->
        <test-method status="PASS" signature="step_2()[pri:0, instance:AutomationExModule.AutomationExFeature.AutomationPassScript@4566e5bd]" name="step_2" duration-ms="5074" started-at="2019-11-18T18:56:06Z" finished-at="2019-11-18T18:56:11Z">
          <reporter-output>
            <line>
              <![CDATA[Chrome]]>
            </line>
            <line>
              <![CDATA[77.0.3865.75]]>
            </line>
            <line>
              <![CDATA[C:\Users\yashwanth\Desktop\svn\sprint11\1001\uploads\opal\MyDemoProject\.\Screenshot\EachStepScreenshot\100_Suite1\AutomationPassScript\step_2.png]]>
            </line>
          </reporter-output>
        </test-method> <!-- step_2 -->
        <test-method status="PASS" signature="step_3()[pri:0, instance:AutomationExModule.AutomationExFeature.AutomationPassScript@4566e5bd]" name="step_3" duration-ms="3246" started-at="2019-11-18T18:56:11Z" finished-at="2019-11-18T18:56:15Z">
          <reporter-output>
            <line>
              <![CDATA[Chrome]]>
            </line>
            <line>
              <![CDATA[77.0.3865.75]]>
            </line>
            <line>
              <![CDATA[C:\Users\yashwanth\Desktop\svn\sprint11\1001\uploads\opal\MyDemoProject\.\Screenshot\EachStepScreenshot\100_Suite1\AutomationPassScript\step_3.png]]>
            </line>
          </reporter-output>
        </test-method> <!-- step_3 -->
        <test-method status="PASS" signature="step_4()[pri:0, instance:AutomationExModule.AutomationExFeature.AutomationPassScript@4566e5bd]" name="step_4" duration-ms="10627" started-at="2019-11-18T18:56:15Z" finished-at="2019-11-18T18:56:25Z">
          <reporter-output>
            <line>
              <![CDATA[Chrome]]>
            </line>
            <line>
              <![CDATA[77.0.3865.75]]>
            </line>
            <line>
              <![CDATA[C:\Users\yashwanth\Desktop\svn\sprint11\1001\uploads\opal\MyDemoProject\.\Screenshot\EachStepScreenshot\100_Suite1\AutomationPassScript\step_4.png]]>
            </line>
          </reporter-output>
        </test-method> <!-- step_4 -->
        <test-method status="PASS" signature="step_5()[pri:0, instance:AutomationExModule.AutomationExFeature.AutomationPassScript@4566e5bd]" name="step_5" duration-ms="4164" started-at="2019-11-18T18:56:25Z" finished-at="2019-11-18T18:56:29Z">
          <reporter-output>
            <line>
              <![CDATA[Chrome]]>
            </line>
            <line>
              <![CDATA[77.0.3865.75]]>
            </line>
            <line>
              <![CDATA[C:\Users\yashwanth\Desktop\svn\sprint11\1001\uploads\opal\MyDemoProject\.\Screenshot\EachStepScreenshot\100_Suite1\AutomationPassScript\step_5.png]]>
            </line>
          </reporter-output>
        </test-method> <!-- step_5 -->
        <test-method status="PASS" signature="step_6()[pri:0, instance:AutomationExModule.AutomationExFeature.AutomationPassScript@4566e5bd]" name="step_6" duration-ms="7479" started-at="2019-11-18T18:56:29Z" finished-at="2019-11-18T18:56:37Z">
          <reporter-output>
            <line>
              <![CDATA[Chrome]]>
            </line>
            <line>
              <![CDATA[77.0.3865.75]]>
            </line>
            <line>
              <![CDATA[C:\Users\yashwanth\Desktop\svn\sprint11\1001\uploads\opal\MyDemoProject\.\Screenshot\EachStepScreenshot\100_Suite1\AutomationPassScript\step_6.png]]>
            </line>
          </reporter-output>
        </test-method> <!-- step_6 -->
      </class> <!-- AutomationExModule.AutomationExFeature.AutomationPassScript -->
    </test> <!-- Test -->
  </suite> <!-- Suite -->
</testng-results>
