<?xml version="1.0" encoding="UTF-8"?>
<!-- Generated by org.testng.reporters.JUnitXMLReporter -->
<testsuite hostname="DESKTOP-LSUVMN2" name="Opal1" tests="6" failures="0" timestamp="14 Nov 2019 11:06:09 GMT" time="32.546" errors="0">
  <testcase name="step_0" time="6.517" classname="ExceptionModule.ExceptionFeature.ExceptionTestCase"/>
  <testcase name="step_1" time="7.036" classname="ExceptionModule.ExceptionFeature.ExceptionTestCase"/>
  <testcase name="step_2" time="3.047" classname="ExceptionModule.ExceptionFeature.ExceptionTestCase"/>
  <testcase name="step_3" time="2.644" classname="ExceptionModule.ExceptionFeature.ExceptionTestCase"/>
  <testcase name="step_4" time="8.033" classname="ExceptionModule.ExceptionFeature.ExceptionTestCase"/>
  <testcase name="step_5" time="5.23" classname="ExceptionModule.ExceptionFeature.ExceptionTestCase"/>
</testsuite> <!-- Opal1 -->
