<?xml version="1.0" encoding="UTF-8"?>
<!-- Generated by org.testng.reporters.JUnitXMLReporter -->
<testsuite hostname="DESKTOP-LSUVMN2" name="Opal2" tests="6" failures="0" timestamp="14 Nov 2019 11:06:39 GMT" time="29.771" errors="0">
  <testcase name="step_0" time="4.872" classname="ExceptionModule.ExceptionFeature.ExceptionTestCase"/>
  <testcase name="step_1" time="5.526" classname="ExceptionModule.ExceptionFeature.ExceptionTestCase"/>
  <testcase name="step_2" time="3.644" classname="ExceptionModule.ExceptionFeature.ExceptionTestCase"/>
  <testcase name="step_3" time="3.972" classname="ExceptionModule.ExceptionFeature.ExceptionTestCase"/>
  <testcase name="step_4" time="7.569" classname="ExceptionModule.ExceptionFeature.ExceptionTestCase"/>
  <testcase name="step_5" time="4.183" classname="ExceptionModule.ExceptionFeature.ExceptionTestCase"/>
</testsuite> <!-- Opal2 -->
