<?xml version="1.0" encoding="UTF-8"?>
<!-- Generated by org.testng.reporters.JUnitXMLReporter -->
<testsuite hostname="DESKTOP-LSUVMN2" name="Opal1" tests="7" failures="0" timestamp="13 Nov 2019 11:04:18 GMT" time="1350.013" errors="0">
  <testcase name="step_0" time="1328.084" classname="AutomationExModule.AutomationExFeature.AutomationPassScript"/>
  <testcase name="step_1" time="3.908" classname="AutomationExModule.AutomationExFeature.AutomationPassScript"/>
  <testcase name="step_2" time="3.506" classname="AutomationExModule.AutomationExFeature.AutomationPassScript"/>
  <testcase name="step_3" time="2.181" classname="AutomationExModule.AutomationExFeature.AutomationPassScript"/>
  <testcase name="step_4" time="6.739" classname="AutomationExModule.AutomationExFeature.AutomationPassScript"/>
  <testcase name="step_5" time="1.828" classname="AutomationExModule.AutomationExFeature.AutomationPassScript"/>
  <testcase name="step_6" time="3.743" classname="AutomationExModule.AutomationExFeature.AutomationPassScript"/>
</testsuite> <!-- Opal1 -->
